2017-06-08 13:57:17 - PHP Notice:  Undefined variable: qq_login_status in D:\phpStudy\opencartnew\catalog\view\theme\monkey\template\common\header.tpl on line 28
2017-06-08 13:57:17 - PHP Notice:  Undefined variable: shop in D:\phpStudy\opencartnew\catalog\view\theme\monkey\template\common\header.tpl on line 71
2017-06-08 13:57:17 - PHP Notice:  Undefined variable: classic in D:\phpStudy\opencartnew\catalog\view\theme\monkey\template\common\header.tpl on line 72
2017-06-08 13:57:17 - PHP Notice:  Undefined variable: case in D:\phpStudy\opencartnew\catalog\view\theme\monkey\template\common\header.tpl on line 73
2017-06-08 13:57:17 - PHP Notice:  Undefined variable: activity in D:\phpStudy\opencartnew\catalog\view\theme\monkey\template\common\header.tpl on line 74
2017-06-08 13:57:17 - PHP Notice:  Undefined variable: news in D:\phpStudy\opencartnew\catalog\view\theme\monkey\template\common\header.tpl on line 75
2017-06-08 13:57:17 - PHP Notice:  Undefined variable: brand in D:\phpStudy\opencartnew\catalog\view\theme\monkey\template\common\header.tpl on line 76
2017-06-08 13:57:50 - PHP Notice:  Undefined variable: qq_login_status in D:\phpStudy\opencartnew\catalog\view\theme\monkey\template\common\header.tpl on line 28
2017-06-08 13:57:50 - PHP Notice:  Undefined variable: shop in D:\phpStudy\opencartnew\catalog\view\theme\monkey\template\common\header.tpl on line 71
2017-06-08 13:57:50 - PHP Notice:  Undefined variable: classic in D:\phpStudy\opencartnew\catalog\view\theme\monkey\template\common\header.tpl on line 72
2017-06-08 13:57:50 - PHP Notice:  Undefined variable: case in D:\phpStudy\opencartnew\catalog\view\theme\monkey\template\common\header.tpl on line 73
2017-06-08 13:57:50 - PHP Notice:  Undefined variable: activity in D:\phpStudy\opencartnew\catalog\view\theme\monkey\template\common\header.tpl on line 74
2017-06-08 13:57:50 - PHP Notice:  Undefined variable: news in D:\phpStudy\opencartnew\catalog\view\theme\monkey\template\common\header.tpl on line 75
2017-06-08 13:57:50 - PHP Notice:  Undefined variable: brand in D:\phpStudy\opencartnew\catalog\view\theme\monkey\template\common\header.tpl on line 76
2017-06-08 13:58:00 - PHP Notice:  Undefined variable: qq_login_status in D:\phpStudy\opencartnew\catalog\view\theme\monkey\template\common\header.tpl on line 28
2017-06-08 13:58:00 - PHP Notice:  Undefined variable: shop in D:\phpStudy\opencartnew\catalog\view\theme\monkey\template\common\header.tpl on line 71
2017-06-08 13:58:00 - PHP Notice:  Undefined variable: classic in D:\phpStudy\opencartnew\catalog\view\theme\monkey\template\common\header.tpl on line 72
2017-06-08 13:58:00 - PHP Notice:  Undefined variable: case in D:\phpStudy\opencartnew\catalog\view\theme\monkey\template\common\header.tpl on line 73
2017-06-08 13:58:00 - PHP Notice:  Undefined variable: activity in D:\phpStudy\opencartnew\catalog\view\theme\monkey\template\common\header.tpl on line 74
2017-06-08 13:58:00 - PHP Notice:  Undefined variable: news in D:\phpStudy\opencartnew\catalog\view\theme\monkey\template\common\header.tpl on line 75
2017-06-08 13:58:00 - PHP Notice:  Undefined variable: brand in D:\phpStudy\opencartnew\catalog\view\theme\monkey\template\common\header.tpl on line 76
2017-06-08 13:58:20 - PHP Notice:  Undefined variable: qq_login_status in D:\phpStudy\opencartnew\catalog\view\theme\monkey\template\common\header.tpl on line 28
2017-06-08 13:58:20 - PHP Notice:  Undefined variable: shop in D:\phpStudy\opencartnew\catalog\view\theme\monkey\template\common\header.tpl on line 71
2017-06-08 13:58:20 - PHP Notice:  Undefined variable: classic in D:\phpStudy\opencartnew\catalog\view\theme\monkey\template\common\header.tpl on line 72
2017-06-08 13:58:20 - PHP Notice:  Undefined variable: case in D:\phpStudy\opencartnew\catalog\view\theme\monkey\template\common\header.tpl on line 73
2017-06-08 13:58:20 - PHP Notice:  Undefined variable: activity in D:\phpStudy\opencartnew\catalog\view\theme\monkey\template\common\header.tpl on line 74
2017-06-08 13:58:20 - PHP Notice:  Undefined variable: news in D:\phpStudy\opencartnew\catalog\view\theme\monkey\template\common\header.tpl on line 75
2017-06-08 13:58:20 - PHP Notice:  Undefined variable: brand in D:\phpStudy\opencartnew\catalog\view\theme\monkey\template\common\header.tpl on line 76
2017-06-08 13:58:22 - PHP Notice:  Undefined variable: qq_login_status in D:\phpStudy\opencartnew\catalog\view\theme\monkey\template\common\header.tpl on line 28
2017-06-08 13:58:22 - PHP Notice:  Undefined variable: shop in D:\phpStudy\opencartnew\catalog\view\theme\monkey\template\common\header.tpl on line 71
2017-06-08 13:58:22 - PHP Notice:  Undefined variable: classic in D:\phpStudy\opencartnew\catalog\view\theme\monkey\template\common\header.tpl on line 72
2017-06-08 13:58:22 - PHP Notice:  Undefined variable: case in D:\phpStudy\opencartnew\catalog\view\theme\monkey\template\common\header.tpl on line 73
2017-06-08 13:58:22 - PHP Notice:  Undefined variable: activity in D:\phpStudy\opencartnew\catalog\view\theme\monkey\template\common\header.tpl on line 74
2017-06-08 13:58:22 - PHP Notice:  Undefined variable: news in D:\phpStudy\opencartnew\catalog\view\theme\monkey\template\common\header.tpl on line 75
2017-06-08 13:58:22 - PHP Notice:  Undefined variable: brand in D:\phpStudy\opencartnew\catalog\view\theme\monkey\template\common\header.tpl on line 76
2017-06-08 13:58:30 - PHP Notice:  Undefined variable: qq_login_status in D:\phpStudy\opencartnew\catalog\view\theme\monkey\template\common\header.tpl on line 28
2017-06-08 13:58:30 - PHP Notice:  Undefined variable: shop in D:\phpStudy\opencartnew\catalog\view\theme\monkey\template\common\header.tpl on line 71
2017-06-08 13:58:30 - PHP Notice:  Undefined variable: classic in D:\phpStudy\opencartnew\catalog\view\theme\monkey\template\common\header.tpl on line 72
2017-06-08 13:58:30 - PHP Notice:  Undefined variable: case in D:\phpStudy\opencartnew\catalog\view\theme\monkey\template\common\header.tpl on line 73
2017-06-08 13:58:30 - PHP Notice:  Undefined variable: activity in D:\phpStudy\opencartnew\catalog\view\theme\monkey\template\common\header.tpl on line 74
2017-06-08 13:58:30 - PHP Notice:  Undefined variable: news in D:\phpStudy\opencartnew\catalog\view\theme\monkey\template\common\header.tpl on line 75
2017-06-08 13:58:30 - PHP Notice:  Undefined variable: brand in D:\phpStudy\opencartnew\catalog\view\theme\monkey\template\common\header.tpl on line 76
2017-06-08 13:58:35 - PHP Notice:  Undefined variable: qq_login_status in D:\phpStudy\opencartnew\catalog\view\theme\monkey\template\common\header.tpl on line 28
2017-06-08 13:58:35 - PHP Notice:  Undefined variable: shop in D:\phpStudy\opencartnew\catalog\view\theme\monkey\template\common\header.tpl on line 71
2017-06-08 13:58:35 - PHP Notice:  Undefined variable: classic in D:\phpStudy\opencartnew\catalog\view\theme\monkey\template\common\header.tpl on line 72
2017-06-08 13:58:35 - PHP Notice:  Undefined variable: case in D:\phpStudy\opencartnew\catalog\view\theme\monkey\template\common\header.tpl on line 73
2017-06-08 13:58:35 - PHP Notice:  Undefined variable: activity in D:\phpStudy\opencartnew\catalog\view\theme\monkey\template\common\header.tpl on line 74
2017-06-08 13:58:35 - PHP Notice:  Undefined variable: news in D:\phpStudy\opencartnew\catalog\view\theme\monkey\template\common\header.tpl on line 75
2017-06-08 13:58:35 - PHP Notice:  Undefined variable: brand in D:\phpStudy\opencartnew\catalog\view\theme\monkey\template\common\header.tpl on line 76
2017-06-08 13:58:43 - PHP Notice:  Undefined variable: qq_login_status in D:\phpStudy\opencartnew\catalog\view\theme\monkey\template\common\header.tpl on line 28
2017-06-08 13:58:43 - PHP Notice:  Undefined variable: shop in D:\phpStudy\opencartnew\catalog\view\theme\monkey\template\common\header.tpl on line 71
2017-06-08 13:58:43 - PHP Notice:  Undefined variable: classic in D:\phpStudy\opencartnew\catalog\view\theme\monkey\template\common\header.tpl on line 72
2017-06-08 13:58:43 - PHP Notice:  Undefined variable: case in D:\phpStudy\opencartnew\catalog\view\theme\monkey\template\common\header.tpl on line 73
2017-06-08 13:58:43 - PHP Notice:  Undefined variable: activity in D:\phpStudy\opencartnew\catalog\view\theme\monkey\template\common\header.tpl on line 74
2017-06-08 13:58:43 - PHP Notice:  Undefined variable: news in D:\phpStudy\opencartnew\catalog\view\theme\monkey\template\common\header.tpl on line 75
2017-06-08 13:58:43 - PHP Notice:  Undefined variable: brand in D:\phpStudy\opencartnew\catalog\view\theme\monkey\template\common\header.tpl on line 76
2017-06-08 13:58:46 - PHP Notice:  Undefined variable: qq_login_status in D:\phpStudy\opencartnew\catalog\view\theme\monkey\template\common\header.tpl on line 28
2017-06-08 13:58:46 - PHP Notice:  Undefined variable: shop in D:\phpStudy\opencartnew\catalog\view\theme\monkey\template\common\header.tpl on line 71
2017-06-08 13:58:46 - PHP Notice:  Undefined variable: classic in D:\phpStudy\opencartnew\catalog\view\theme\monkey\template\common\header.tpl on line 72
2017-06-08 13:58:46 - PHP Notice:  Undefined variable: case in D:\phpStudy\opencartnew\catalog\view\theme\monkey\template\common\header.tpl on line 73
2017-06-08 13:58:46 - PHP Notice:  Undefined variable: activity in D:\phpStudy\opencartnew\catalog\view\theme\monkey\template\common\header.tpl on line 74
2017-06-08 13:58:46 - PHP Notice:  Undefined variable: news in D:\phpStudy\opencartnew\catalog\view\theme\monkey\template\common\header.tpl on line 75
2017-06-08 13:58:46 - PHP Notice:  Undefined variable: brand in D:\phpStudy\opencartnew\catalog\view\theme\monkey\template\common\header.tpl on line 76
2017-06-08 13:58:48 - PHP Notice:  Undefined variable: qq_login_status in D:\phpStudy\opencartnew\catalog\view\theme\monkey\template\common\header.tpl on line 28
2017-06-08 13:58:48 - PHP Notice:  Undefined variable: shop in D:\phpStudy\opencartnew\catalog\view\theme\monkey\template\common\header.tpl on line 71
2017-06-08 13:58:48 - PHP Notice:  Undefined variable: classic in D:\phpStudy\opencartnew\catalog\view\theme\monkey\template\common\header.tpl on line 72
2017-06-08 13:58:48 - PHP Notice:  Undefined variable: case in D:\phpStudy\opencartnew\catalog\view\theme\monkey\template\common\header.tpl on line 73
2017-06-08 13:58:48 - PHP Notice:  Undefined variable: activity in D:\phpStudy\opencartnew\catalog\view\theme\monkey\template\common\header.tpl on line 74
2017-06-08 13:58:48 - PHP Notice:  Undefined variable: news in D:\phpStudy\opencartnew\catalog\view\theme\monkey\template\common\header.tpl on line 75
2017-06-08 13:58:48 - PHP Notice:  Undefined variable: brand in D:\phpStudy\opencartnew\catalog\view\theme\monkey\template\common\header.tpl on line 76
2017-06-08 13:59:50 - PHP Notice:  Undefined variable: qq_login_status in D:\phpStudy\opencartnew\catalog\view\theme\monkey\template\common\header.tpl on line 28
2017-06-08 13:59:50 - PHP Notice:  Undefined variable: shop in D:\phpStudy\opencartnew\catalog\view\theme\monkey\template\common\header.tpl on line 71
2017-06-08 13:59:50 - PHP Notice:  Undefined variable: classic in D:\phpStudy\opencartnew\catalog\view\theme\monkey\template\common\header.tpl on line 72
2017-06-08 13:59:50 - PHP Notice:  Undefined variable: case in D:\phpStudy\opencartnew\catalog\view\theme\monkey\template\common\header.tpl on line 73
2017-06-08 13:59:50 - PHP Notice:  Undefined variable: activity in D:\phpStudy\opencartnew\catalog\view\theme\monkey\template\common\header.tpl on line 74
2017-06-08 13:59:50 - PHP Notice:  Undefined variable: news in D:\phpStudy\opencartnew\catalog\view\theme\monkey\template\common\header.tpl on line 75
2017-06-08 13:59:50 - PHP Notice:  Undefined variable: brand in D:\phpStudy\opencartnew\catalog\view\theme\monkey\template\common\header.tpl on line 76
2017-06-08 14:03:53 - PHP Notice:  Undefined variable: qq_login_status in D:\phpStudy\opencartnew\catalog\view\theme\monkey\template\common\header.tpl on line 28
2017-06-08 14:03:53 - PHP Notice:  Undefined variable: shop in D:\phpStudy\opencartnew\catalog\view\theme\monkey\template\common\header.tpl on line 71
2017-06-08 14:03:53 - PHP Notice:  Undefined variable: classic in D:\phpStudy\opencartnew\catalog\view\theme\monkey\template\common\header.tpl on line 72
2017-06-08 14:03:53 - PHP Notice:  Undefined variable: case in D:\phpStudy\opencartnew\catalog\view\theme\monkey\template\common\header.tpl on line 73
2017-06-08 14:03:53 - PHP Notice:  Undefined variable: activity in D:\phpStudy\opencartnew\catalog\view\theme\monkey\template\common\header.tpl on line 74
2017-06-08 14:03:53 - PHP Notice:  Undefined variable: news in D:\phpStudy\opencartnew\catalog\view\theme\monkey\template\common\header.tpl on line 75
2017-06-08 14:03:53 - PHP Notice:  Undefined variable: brand in D:\phpStudy\opencartnew\catalog\view\theme\monkey\template\common\header.tpl on line 76
2017-06-08 14:09:05 - PHP Notice:  Undefined variable: qq_login_status in D:\phpStudy\opencartnew\catalog\view\theme\monkey\template\common\header.tpl on line 28
2017-06-08 14:09:05 - PHP Notice:  Undefined variable: shop in D:\phpStudy\opencartnew\catalog\view\theme\monkey\template\common\header.tpl on line 71
2017-06-08 14:09:05 - PHP Notice:  Undefined variable: classic in D:\phpStudy\opencartnew\catalog\view\theme\monkey\template\common\header.tpl on line 72
2017-06-08 14:09:05 - PHP Notice:  Undefined variable: case in D:\phpStudy\opencartnew\catalog\view\theme\monkey\template\common\header.tpl on line 73
2017-06-08 14:09:05 - PHP Notice:  Undefined variable: activity in D:\phpStudy\opencartnew\catalog\view\theme\monkey\template\common\header.tpl on line 74
2017-06-08 14:09:05 - PHP Notice:  Undefined variable: news in D:\phpStudy\opencartnew\catalog\view\theme\monkey\template\common\header.tpl on line 75
2017-06-08 14:09:05 - PHP Notice:  Undefined variable: brand in D:\phpStudy\opencartnew\catalog\view\theme\monkey\template\common\header.tpl on line 76
2017-06-08 15:04:26 - PHP Notice:  Undefined variable: qq_login_status in D:\phpStudy\opencartnew\catalog\view\theme\monkey\template\common\header.tpl on line 28
2017-06-08 15:04:26 - PHP Notice:  Undefined variable: shop in D:\phpStudy\opencartnew\catalog\view\theme\monkey\template\common\header.tpl on line 71
2017-06-08 15:04:26 - PHP Notice:  Undefined variable: classic in D:\phpStudy\opencartnew\catalog\view\theme\monkey\template\common\header.tpl on line 72
2017-06-08 15:04:26 - PHP Notice:  Undefined variable: case in D:\phpStudy\opencartnew\catalog\view\theme\monkey\template\common\header.tpl on line 73
2017-06-08 15:04:26 - PHP Notice:  Undefined variable: activity in D:\phpStudy\opencartnew\catalog\view\theme\monkey\template\common\header.tpl on line 74
2017-06-08 15:04:26 - PHP Notice:  Undefined variable: news in D:\phpStudy\opencartnew\catalog\view\theme\monkey\template\common\header.tpl on line 75
2017-06-08 15:04:26 - PHP Notice:  Undefined variable: brand in D:\phpStudy\opencartnew\catalog\view\theme\monkey\template\common\header.tpl on line 76
2017-06-08 15:07:12 - PHP Notice:  Undefined variable: qq_login_status in D:\phpStudy\opencartnew\catalog\view\theme\monkey\template\common\header.tpl on line 28
2017-06-08 15:07:12 - PHP Notice:  Undefined variable: shop in D:\phpStudy\opencartnew\catalog\view\theme\monkey\template\common\header.tpl on line 71
2017-06-08 15:07:12 - PHP Notice:  Undefined variable: classic in D:\phpStudy\opencartnew\catalog\view\theme\monkey\template\common\header.tpl on line 72
2017-06-08 15:07:12 - PHP Notice:  Undefined variable: case in D:\phpStudy\opencartnew\catalog\view\theme\monkey\template\common\header.tpl on line 73
2017-06-08 15:07:12 - PHP Notice:  Undefined variable: activity in D:\phpStudy\opencartnew\catalog\view\theme\monkey\template\common\header.tpl on line 74
2017-06-08 15:07:12 - PHP Notice:  Undefined variable: news in D:\phpStudy\opencartnew\catalog\view\theme\monkey\template\common\header.tpl on line 75
2017-06-08 15:07:12 - PHP Notice:  Undefined variable: brand in D:\phpStudy\opencartnew\catalog\view\theme\monkey\template\common\header.tpl on line 76
2017-06-08 15:07:19 - PHP Notice:  Undefined variable: qq_login_status in D:\phpStudy\opencartnew\catalog\view\theme\monkey\template\common\header.tpl on line 28
2017-06-08 15:07:19 - PHP Notice:  Undefined variable: shop in D:\phpStudy\opencartnew\catalog\view\theme\monkey\template\common\header.tpl on line 71
2017-06-08 15:07:19 - PHP Notice:  Undefined variable: classic in D:\phpStudy\opencartnew\catalog\view\theme\monkey\template\common\header.tpl on line 72
2017-06-08 15:07:19 - PHP Notice:  Undefined variable: case in D:\phpStudy\opencartnew\catalog\view\theme\monkey\template\common\header.tpl on line 73
2017-06-08 15:07:19 - PHP Notice:  Undefined variable: activity in D:\phpStudy\opencartnew\catalog\view\theme\monkey\template\common\header.tpl on line 74
2017-06-08 15:07:19 - PHP Notice:  Undefined variable: news in D:\phpStudy\opencartnew\catalog\view\theme\monkey\template\common\header.tpl on line 75
2017-06-08 15:07:19 - PHP Notice:  Undefined variable: brand in D:\phpStudy\opencartnew\catalog\view\theme\monkey\template\common\header.tpl on line 76
2017-06-08 15:16:25 - PHP Notice:  Undefined variable: qq_login_status in D:\phpStudy\opencartnew\catalog\view\theme\monkey\template\common\header.tpl on line 28
2017-06-08 15:16:25 - PHP Notice:  Undefined variable: shop in D:\phpStudy\opencartnew\catalog\view\theme\monkey\template\common\header.tpl on line 71
2017-06-08 15:16:25 - PHP Notice:  Undefined variable: classic in D:\phpStudy\opencartnew\catalog\view\theme\monkey\template\common\header.tpl on line 72
2017-06-08 15:16:25 - PHP Notice:  Undefined variable: case in D:\phpStudy\opencartnew\catalog\view\theme\monkey\template\common\header.tpl on line 73
2017-06-08 15:16:25 - PHP Notice:  Undefined variable: activity in D:\phpStudy\opencartnew\catalog\view\theme\monkey\template\common\header.tpl on line 74
2017-06-08 15:16:25 - PHP Notice:  Undefined variable: news in D:\phpStudy\opencartnew\catalog\view\theme\monkey\template\common\header.tpl on line 75
2017-06-08 15:16:25 - PHP Notice:  Undefined variable: brand in D:\phpStudy\opencartnew\catalog\view\theme\monkey\template\common\header.tpl on line 76
2017-06-08 15:16:27 - PHP Notice:  Undefined variable: qq_login_status in D:\phpStudy\opencartnew\catalog\view\theme\monkey\template\common\header.tpl on line 28
2017-06-08 15:16:27 - PHP Notice:  Undefined variable: shop in D:\phpStudy\opencartnew\catalog\view\theme\monkey\template\common\header.tpl on line 71
2017-06-08 15:16:27 - PHP Notice:  Undefined variable: classic in D:\phpStudy\opencartnew\catalog\view\theme\monkey\template\common\header.tpl on line 72
2017-06-08 15:16:27 - PHP Notice:  Undefined variable: case in D:\phpStudy\opencartnew\catalog\view\theme\monkey\template\common\header.tpl on line 73
2017-06-08 15:16:27 - PHP Notice:  Undefined variable: activity in D:\phpStudy\opencartnew\catalog\view\theme\monkey\template\common\header.tpl on line 74
2017-06-08 15:16:27 - PHP Notice:  Undefined variable: news in D:\phpStudy\opencartnew\catalog\view\theme\monkey\template\common\header.tpl on line 75
2017-06-08 15:16:27 - PHP Notice:  Undefined variable: brand in D:\phpStudy\opencartnew\catalog\view\theme\monkey\template\common\header.tpl on line 76
2017-06-08 15:16:48 - PHP Notice:  Undefined variable: qq_login_status in D:\phpStudy\opencartnew\catalog\view\theme\monkey\template\common\header.tpl on line 28
2017-06-08 15:16:48 - PHP Notice:  Undefined variable: shop in D:\phpStudy\opencartnew\catalog\view\theme\monkey\template\common\header.tpl on line 71
2017-06-08 15:16:48 - PHP Notice:  Undefined variable: classic in D:\phpStudy\opencartnew\catalog\view\theme\monkey\template\common\header.tpl on line 72
2017-06-08 15:16:48 - PHP Notice:  Undefined variable: case in D:\phpStudy\opencartnew\catalog\view\theme\monkey\template\common\header.tpl on line 73
2017-06-08 15:16:48 - PHP Notice:  Undefined variable: activity in D:\phpStudy\opencartnew\catalog\view\theme\monkey\template\common\header.tpl on line 74
2017-06-08 15:16:48 - PHP Notice:  Undefined variable: news in D:\phpStudy\opencartnew\catalog\view\theme\monkey\template\common\header.tpl on line 75
2017-06-08 15:16:48 - PHP Notice:  Undefined variable: brand in D:\phpStudy\opencartnew\catalog\view\theme\monkey\template\common\header.tpl on line 76
2017-06-08 15:18:10 - PHP Notice:  Undefined variable: qq_login_status in D:\phpStudy\opencartnew\catalog\view\theme\monkey\template\common\header.tpl on line 28
2017-06-08 15:18:10 - PHP Notice:  Undefined variable: shop in D:\phpStudy\opencartnew\catalog\view\theme\monkey\template\common\header.tpl on line 71
2017-06-08 15:18:10 - PHP Notice:  Undefined variable: classic in D:\phpStudy\opencartnew\catalog\view\theme\monkey\template\common\header.tpl on line 72
2017-06-08 15:18:10 - PHP Notice:  Undefined variable: case in D:\phpStudy\opencartnew\catalog\view\theme\monkey\template\common\header.tpl on line 73
2017-06-08 15:18:10 - PHP Notice:  Undefined variable: activity in D:\phpStudy\opencartnew\catalog\view\theme\monkey\template\common\header.tpl on line 74
2017-06-08 15:18:10 - PHP Notice:  Undefined variable: news in D:\phpStudy\opencartnew\catalog\view\theme\monkey\template\common\header.tpl on line 75
2017-06-08 15:18:10 - PHP Notice:  Undefined variable: brand in D:\phpStudy\opencartnew\catalog\view\theme\monkey\template\common\header.tpl on line 76
2017-06-08 15:28:59 - PHP Notice:  Undefined variable: qq_login_status in D:\phpStudy\opencartnew\catalog\view\theme\monkey\template\common\header.tpl on line 28
2017-06-08 15:28:59 - PHP Notice:  Undefined variable: shop in D:\phpStudy\opencartnew\catalog\view\theme\monkey\template\common\header.tpl on line 71
2017-06-08 15:28:59 - PHP Notice:  Undefined variable: classic in D:\phpStudy\opencartnew\catalog\view\theme\monkey\template\common\header.tpl on line 72
2017-06-08 15:28:59 - PHP Notice:  Undefined variable: case in D:\phpStudy\opencartnew\catalog\view\theme\monkey\template\common\header.tpl on line 73
2017-06-08 15:28:59 - PHP Notice:  Undefined variable: activity in D:\phpStudy\opencartnew\catalog\view\theme\monkey\template\common\header.tpl on line 74
2017-06-08 15:28:59 - PHP Notice:  Undefined variable: news in D:\phpStudy\opencartnew\catalog\view\theme\monkey\template\common\header.tpl on line 75
2017-06-08 15:28:59 - PHP Notice:  Undefined variable: brand in D:\phpStudy\opencartnew\catalog\view\theme\monkey\template\common\header.tpl on line 76
2017-06-08 15:29:08 - PHP Notice:  Undefined variable: qq_login_status in D:\phpStudy\opencartnew\catalog\view\theme\monkey\template\common\header.tpl on line 28
2017-06-08 15:29:08 - PHP Notice:  Undefined variable: shop in D:\phpStudy\opencartnew\catalog\view\theme\monkey\template\common\header.tpl on line 71
2017-06-08 15:29:08 - PHP Notice:  Undefined variable: classic in D:\phpStudy\opencartnew\catalog\view\theme\monkey\template\common\header.tpl on line 72
2017-06-08 15:29:08 - PHP Notice:  Undefined variable: case in D:\phpStudy\opencartnew\catalog\view\theme\monkey\template\common\header.tpl on line 73
2017-06-08 15:29:08 - PHP Notice:  Undefined variable: activity in D:\phpStudy\opencartnew\catalog\view\theme\monkey\template\common\header.tpl on line 74
2017-06-08 15:29:08 - PHP Notice:  Undefined variable: news in D:\phpStudy\opencartnew\catalog\view\theme\monkey\template\common\header.tpl on line 75
2017-06-08 15:29:08 - PHP Notice:  Undefined variable: brand in D:\phpStudy\opencartnew\catalog\view\theme\monkey\template\common\header.tpl on line 76
2017-06-08 15:31:02 - PHP Notice:  Undefined variable: qq_login_status in D:\phpStudy\opencartnew\catalog\view\theme\monkey\template\common\header.tpl on line 28
2017-06-08 15:31:02 - PHP Notice:  Undefined variable: shop in D:\phpStudy\opencartnew\catalog\view\theme\monkey\template\common\header.tpl on line 71
2017-06-08 15:31:02 - PHP Notice:  Undefined variable: classic in D:\phpStudy\opencartnew\catalog\view\theme\monkey\template\common\header.tpl on line 72
2017-06-08 15:31:02 - PHP Notice:  Undefined variable: case in D:\phpStudy\opencartnew\catalog\view\theme\monkey\template\common\header.tpl on line 73
2017-06-08 15:31:02 - PHP Notice:  Undefined variable: activity in D:\phpStudy\opencartnew\catalog\view\theme\monkey\template\common\header.tpl on line 74
2017-06-08 15:31:02 - PHP Notice:  Undefined variable: news in D:\phpStudy\opencartnew\catalog\view\theme\monkey\template\common\header.tpl on line 75
2017-06-08 15:31:02 - PHP Notice:  Undefined variable: brand in D:\phpStudy\opencartnew\catalog\view\theme\monkey\template\common\header.tpl on line 76
2017-06-08 15:31:08 - PHP Notice:  Undefined variable: qq_login_status in D:\phpStudy\opencartnew\catalog\view\theme\monkey\template\common\header.tpl on line 28
2017-06-08 15:31:08 - PHP Notice:  Undefined variable: shop in D:\phpStudy\opencartnew\catalog\view\theme\monkey\template\common\header.tpl on line 71
2017-06-08 15:31:08 - PHP Notice:  Undefined variable: classic in D:\phpStudy\opencartnew\catalog\view\theme\monkey\template\common\header.tpl on line 72
2017-06-08 15:31:08 - PHP Notice:  Undefined variable: case in D:\phpStudy\opencartnew\catalog\view\theme\monkey\template\common\header.tpl on line 73
2017-06-08 15:31:08 - PHP Notice:  Undefined variable: activity in D:\phpStudy\opencartnew\catalog\view\theme\monkey\template\common\header.tpl on line 74
2017-06-08 15:31:08 - PHP Notice:  Undefined variable: news in D:\phpStudy\opencartnew\catalog\view\theme\monkey\template\common\header.tpl on line 75
2017-06-08 15:31:08 - PHP Notice:  Undefined variable: brand in D:\phpStudy\opencartnew\catalog\view\theme\monkey\template\common\header.tpl on line 76
2017-06-08 15:31:12 - PHP Notice:  Undefined variable: qq_login_status in D:\phpStudy\opencartnew\catalog\view\theme\monkey\template\common\header.tpl on line 28
2017-06-08 15:31:12 - PHP Notice:  Undefined variable: shop in D:\phpStudy\opencartnew\catalog\view\theme\monkey\template\common\header.tpl on line 71
2017-06-08 15:31:12 - PHP Notice:  Undefined variable: classic in D:\phpStudy\opencartnew\catalog\view\theme\monkey\template\common\header.tpl on line 72
2017-06-08 15:31:12 - PHP Notice:  Undefined variable: case in D:\phpStudy\opencartnew\catalog\view\theme\monkey\template\common\header.tpl on line 73
2017-06-08 15:31:12 - PHP Notice:  Undefined variable: activity in D:\phpStudy\opencartnew\catalog\view\theme\monkey\template\common\header.tpl on line 74
2017-06-08 15:31:12 - PHP Notice:  Undefined variable: news in D:\phpStudy\opencartnew\catalog\view\theme\monkey\template\common\header.tpl on line 75
2017-06-08 15:31:12 - PHP Notice:  Undefined variable: brand in D:\phpStudy\opencartnew\catalog\view\theme\monkey\template\common\header.tpl on line 76
2017-06-08 15:31:15 - PHP Notice:  Undefined variable: qq_login_status in D:\phpStudy\opencartnew\catalog\view\theme\monkey\template\common\header.tpl on line 28
2017-06-08 15:31:15 - PHP Notice:  Undefined variable: shop in D:\phpStudy\opencartnew\catalog\view\theme\monkey\template\common\header.tpl on line 71
2017-06-08 15:31:15 - PHP Notice:  Undefined variable: classic in D:\phpStudy\opencartnew\catalog\view\theme\monkey\template\common\header.tpl on line 72
2017-06-08 15:31:15 - PHP Notice:  Undefined variable: case in D:\phpStudy\opencartnew\catalog\view\theme\monkey\template\common\header.tpl on line 73
2017-06-08 15:31:15 - PHP Notice:  Undefined variable: activity in D:\phpStudy\opencartnew\catalog\view\theme\monkey\template\common\header.tpl on line 74
2017-06-08 15:31:15 - PHP Notice:  Undefined variable: news in D:\phpStudy\opencartnew\catalog\view\theme\monkey\template\common\header.tpl on line 75
2017-06-08 15:31:15 - PHP Notice:  Undefined variable: brand in D:\phpStudy\opencartnew\catalog\view\theme\monkey\template\common\header.tpl on line 76
2017-06-08 15:31:18 - PHP Notice:  Undefined variable: qq_login_status in D:\phpStudy\opencartnew\catalog\view\theme\monkey\template\common\header.tpl on line 28
2017-06-08 15:31:18 - PHP Notice:  Undefined variable: shop in D:\phpStudy\opencartnew\catalog\view\theme\monkey\template\common\header.tpl on line 71
2017-06-08 15:31:18 - PHP Notice:  Undefined variable: classic in D:\phpStudy\opencartnew\catalog\view\theme\monkey\template\common\header.tpl on line 72
2017-06-08 15:31:18 - PHP Notice:  Undefined variable: case in D:\phpStudy\opencartnew\catalog\view\theme\monkey\template\common\header.tpl on line 73
2017-06-08 15:31:18 - PHP Notice:  Undefined variable: activity in D:\phpStudy\opencartnew\catalog\view\theme\monkey\template\common\header.tpl on line 74
2017-06-08 15:31:18 - PHP Notice:  Undefined variable: news in D:\phpStudy\opencartnew\catalog\view\theme\monkey\template\common\header.tpl on line 75
2017-06-08 15:31:18 - PHP Notice:  Undefined variable: brand in D:\phpStudy\opencartnew\catalog\view\theme\monkey\template\common\header.tpl on line 76
2017-06-08 15:34:53 - PHP Notice:  Undefined variable: qq_login_status in D:\phpStudy\opencartnew\catalog\view\theme\monkey\template\common\header.tpl on line 28
2017-06-08 15:34:53 - PHP Notice:  Undefined variable: shop in D:\phpStudy\opencartnew\catalog\view\theme\monkey\template\common\header.tpl on line 71
2017-06-08 15:34:53 - PHP Notice:  Undefined variable: classic in D:\phpStudy\opencartnew\catalog\view\theme\monkey\template\common\header.tpl on line 72
2017-06-08 15:34:53 - PHP Notice:  Undefined variable: case in D:\phpStudy\opencartnew\catalog\view\theme\monkey\template\common\header.tpl on line 73
2017-06-08 15:34:53 - PHP Notice:  Undefined variable: activity in D:\phpStudy\opencartnew\catalog\view\theme\monkey\template\common\header.tpl on line 74
2017-06-08 15:34:53 - PHP Notice:  Undefined variable: news in D:\phpStudy\opencartnew\catalog\view\theme\monkey\template\common\header.tpl on line 75
2017-06-08 15:34:53 - PHP Notice:  Undefined variable: brand in D:\phpStudy\opencartnew\catalog\view\theme\monkey\template\common\header.tpl on line 76
2017-06-08 15:34:57 - PHP Notice:  Undefined variable: qq_login_status in D:\phpStudy\opencartnew\catalog\view\theme\monkey\template\common\header.tpl on line 28
2017-06-08 15:34:57 - PHP Notice:  Undefined variable: shop in D:\phpStudy\opencartnew\catalog\view\theme\monkey\template\common\header.tpl on line 71
2017-06-08 15:34:57 - PHP Notice:  Undefined variable: classic in D:\phpStudy\opencartnew\catalog\view\theme\monkey\template\common\header.tpl on line 72
2017-06-08 15:34:57 - PHP Notice:  Undefined variable: case in D:\phpStudy\opencartnew\catalog\view\theme\monkey\template\common\header.tpl on line 73
2017-06-08 15:34:57 - PHP Notice:  Undefined variable: activity in D:\phpStudy\opencartnew\catalog\view\theme\monkey\template\common\header.tpl on line 74
2017-06-08 15:34:57 - PHP Notice:  Undefined variable: news in D:\phpStudy\opencartnew\catalog\view\theme\monkey\template\common\header.tpl on line 75
2017-06-08 15:34:57 - PHP Notice:  Undefined variable: brand in D:\phpStudy\opencartnew\catalog\view\theme\monkey\template\common\header.tpl on line 76
2017-06-08 15:35:06 - PHP Notice:  Undefined variable: qq_login_status in D:\phpStudy\opencartnew\catalog\view\theme\monkey\template\common\header.tpl on line 28
2017-06-08 15:35:06 - PHP Notice:  Undefined variable: shop in D:\phpStudy\opencartnew\catalog\view\theme\monkey\template\common\header.tpl on line 71
2017-06-08 15:35:06 - PHP Notice:  Undefined variable: classic in D:\phpStudy\opencartnew\catalog\view\theme\monkey\template\common\header.tpl on line 72
2017-06-08 15:35:06 - PHP Notice:  Undefined variable: case in D:\phpStudy\opencartnew\catalog\view\theme\monkey\template\common\header.tpl on line 73
2017-06-08 15:35:06 - PHP Notice:  Undefined variable: activity in D:\phpStudy\opencartnew\catalog\view\theme\monkey\template\common\header.tpl on line 74
2017-06-08 15:35:06 - PHP Notice:  Undefined variable: news in D:\phpStudy\opencartnew\catalog\view\theme\monkey\template\common\header.tpl on line 75
2017-06-08 15:35:06 - PHP Notice:  Undefined variable: brand in D:\phpStudy\opencartnew\catalog\view\theme\monkey\template\common\header.tpl on line 76
2017-06-08 15:36:12 - PHP Notice:  Undefined variable: qq_login_status in D:\phpStudy\opencartnew\catalog\view\theme\monkey\template\common\header.tpl on line 28
2017-06-08 15:36:12 - PHP Notice:  Undefined variable: shop in D:\phpStudy\opencartnew\catalog\view\theme\monkey\template\common\header.tpl on line 71
2017-06-08 15:36:12 - PHP Notice:  Undefined variable: classic in D:\phpStudy\opencartnew\catalog\view\theme\monkey\template\common\header.tpl on line 72
2017-06-08 15:36:12 - PHP Notice:  Undefined variable: case in D:\phpStudy\opencartnew\catalog\view\theme\monkey\template\common\header.tpl on line 73
2017-06-08 15:36:12 - PHP Notice:  Undefined variable: activity in D:\phpStudy\opencartnew\catalog\view\theme\monkey\template\common\header.tpl on line 74
2017-06-08 15:36:12 - PHP Notice:  Undefined variable: news in D:\phpStudy\opencartnew\catalog\view\theme\monkey\template\common\header.tpl on line 75
2017-06-08 15:36:12 - PHP Notice:  Undefined variable: brand in D:\phpStudy\opencartnew\catalog\view\theme\monkey\template\common\header.tpl on line 76
2017-06-08 15:42:07 - PHP Notice:  Undefined variable: qq_login_status in D:\phpStudy\opencartnew\catalog\view\theme\monkey\template\common\header.tpl on line 28
2017-06-08 15:42:07 - PHP Notice:  Undefined variable: shop in D:\phpStudy\opencartnew\catalog\view\theme\monkey\template\common\header.tpl on line 71
2017-06-08 15:42:07 - PHP Notice:  Undefined variable: classic in D:\phpStudy\opencartnew\catalog\view\theme\monkey\template\common\header.tpl on line 72
2017-06-08 15:42:07 - PHP Notice:  Undefined variable: case in D:\phpStudy\opencartnew\catalog\view\theme\monkey\template\common\header.tpl on line 73
2017-06-08 15:42:07 - PHP Notice:  Undefined variable: activity in D:\phpStudy\opencartnew\catalog\view\theme\monkey\template\common\header.tpl on line 74
2017-06-08 15:42:07 - PHP Notice:  Undefined variable: news in D:\phpStudy\opencartnew\catalog\view\theme\monkey\template\common\header.tpl on line 75
2017-06-08 15:42:07 - PHP Notice:  Undefined variable: brand in D:\phpStudy\opencartnew\catalog\view\theme\monkey\template\common\header.tpl on line 76
2017-06-08 15:42:37 - PHP Notice:  Undefined variable: qq_login_status in D:\phpStudy\opencartnew\catalog\view\theme\monkey\template\common\header.tpl on line 28
2017-06-08 15:42:37 - PHP Notice:  Undefined variable: shop in D:\phpStudy\opencartnew\catalog\view\theme\monkey\template\common\header.tpl on line 71
2017-06-08 15:42:37 - PHP Notice:  Undefined variable: classic in D:\phpStudy\opencartnew\catalog\view\theme\monkey\template\common\header.tpl on line 72
2017-06-08 15:42:37 - PHP Notice:  Undefined variable: case in D:\phpStudy\opencartnew\catalog\view\theme\monkey\template\common\header.tpl on line 73
2017-06-08 15:42:37 - PHP Notice:  Undefined variable: activity in D:\phpStudy\opencartnew\catalog\view\theme\monkey\template\common\header.tpl on line 74
2017-06-08 15:42:37 - PHP Notice:  Undefined variable: news in D:\phpStudy\opencartnew\catalog\view\theme\monkey\template\common\header.tpl on line 75
2017-06-08 15:42:37 - PHP Notice:  Undefined variable: brand in D:\phpStudy\opencartnew\catalog\view\theme\monkey\template\common\header.tpl on line 76
2017-06-08 15:44:46 - PHP Notice:  Undefined variable: qq_login_status in D:\phpStudy\opencartnew\catalog\view\theme\monkey\template\common\header.tpl on line 28
2017-06-08 15:44:46 - PHP Notice:  Undefined variable: shop in D:\phpStudy\opencartnew\catalog\view\theme\monkey\template\common\header.tpl on line 71
2017-06-08 15:44:46 - PHP Notice:  Undefined variable: classic in D:\phpStudy\opencartnew\catalog\view\theme\monkey\template\common\header.tpl on line 72
2017-06-08 15:44:46 - PHP Notice:  Undefined variable: case in D:\phpStudy\opencartnew\catalog\view\theme\monkey\template\common\header.tpl on line 73
2017-06-08 15:44:46 - PHP Notice:  Undefined variable: activity in D:\phpStudy\opencartnew\catalog\view\theme\monkey\template\common\header.tpl on line 74
2017-06-08 15:44:46 - PHP Notice:  Undefined variable: news in D:\phpStudy\opencartnew\catalog\view\theme\monkey\template\common\header.tpl on line 75
2017-06-08 15:44:46 - PHP Notice:  Undefined variable: brand in D:\phpStudy\opencartnew\catalog\view\theme\monkey\template\common\header.tpl on line 76
2017-06-08 16:20:28 - PHP Notice:  Undefined variable: qq_login_status in D:\phpStudy\opencartnew\catalog\view\theme\monkey\template\common\header.tpl on line 28
2017-06-08 16:20:28 - PHP Notice:  Undefined variable: shop in D:\phpStudy\opencartnew\catalog\view\theme\monkey\template\common\header.tpl on line 71
2017-06-08 16:20:28 - PHP Notice:  Undefined variable: classic in D:\phpStudy\opencartnew\catalog\view\theme\monkey\template\common\header.tpl on line 72
2017-06-08 16:20:28 - PHP Notice:  Undefined variable: case in D:\phpStudy\opencartnew\catalog\view\theme\monkey\template\common\header.tpl on line 73
2017-06-08 16:20:28 - PHP Notice:  Undefined variable: activity in D:\phpStudy\opencartnew\catalog\view\theme\monkey\template\common\header.tpl on line 74
2017-06-08 16:20:28 - PHP Notice:  Undefined variable: news in D:\phpStudy\opencartnew\catalog\view\theme\monkey\template\common\header.tpl on line 75
2017-06-08 16:20:28 - PHP Notice:  Undefined variable: brand in D:\phpStudy\opencartnew\catalog\view\theme\monkey\template\common\header.tpl on line 76
2017-06-08 16:21:47 - PHP Notice:  Undefined variable: qq_login_status in D:\phpStudy\opencartnew\catalog\view\theme\monkey\template\common\header.tpl on line 28
2017-06-08 16:21:47 - PHP Notice:  Undefined variable: shop in D:\phpStudy\opencartnew\catalog\view\theme\monkey\template\common\header.tpl on line 71
2017-06-08 16:21:47 - PHP Notice:  Undefined variable: classic in D:\phpStudy\opencartnew\catalog\view\theme\monkey\template\common\header.tpl on line 72
2017-06-08 16:21:47 - PHP Notice:  Undefined variable: case in D:\phpStudy\opencartnew\catalog\view\theme\monkey\template\common\header.tpl on line 73
2017-06-08 16:21:47 - PHP Notice:  Undefined variable: activity in D:\phpStudy\opencartnew\catalog\view\theme\monkey\template\common\header.tpl on line 74
2017-06-08 16:21:47 - PHP Notice:  Undefined variable: news in D:\phpStudy\opencartnew\catalog\view\theme\monkey\template\common\header.tpl on line 75
2017-06-08 16:21:47 - PHP Notice:  Undefined variable: brand in D:\phpStudy\opencartnew\catalog\view\theme\monkey\template\common\header.tpl on line 76
2017-06-08 16:21:51 - PHP Notice:  Undefined variable: qq_login_status in D:\phpStudy\opencartnew\catalog\view\theme\monkey\template\common\header.tpl on line 28
2017-06-08 16:21:51 - PHP Notice:  Undefined variable: shop in D:\phpStudy\opencartnew\catalog\view\theme\monkey\template\common\header.tpl on line 71
2017-06-08 16:21:51 - PHP Notice:  Undefined variable: classic in D:\phpStudy\opencartnew\catalog\view\theme\monkey\template\common\header.tpl on line 72
2017-06-08 16:21:51 - PHP Notice:  Undefined variable: case in D:\phpStudy\opencartnew\catalog\view\theme\monkey\template\common\header.tpl on line 73
2017-06-08 16:21:51 - PHP Notice:  Undefined variable: activity in D:\phpStudy\opencartnew\catalog\view\theme\monkey\template\common\header.tpl on line 74
2017-06-08 16:21:51 - PHP Notice:  Undefined variable: news in D:\phpStudy\opencartnew\catalog\view\theme\monkey\template\common\header.tpl on line 75
2017-06-08 16:21:51 - PHP Notice:  Undefined variable: brand in D:\phpStudy\opencartnew\catalog\view\theme\monkey\template\common\header.tpl on line 76
2017-06-08 16:21:56 - PHP Notice:  Undefined variable: qq_login_status in D:\phpStudy\opencartnew\catalog\view\theme\monkey\template\common\header.tpl on line 28
2017-06-08 16:21:56 - PHP Notice:  Undefined variable: shop in D:\phpStudy\opencartnew\catalog\view\theme\monkey\template\common\header.tpl on line 71
2017-06-08 16:21:56 - PHP Notice:  Undefined variable: classic in D:\phpStudy\opencartnew\catalog\view\theme\monkey\template\common\header.tpl on line 72
2017-06-08 16:21:56 - PHP Notice:  Undefined variable: case in D:\phpStudy\opencartnew\catalog\view\theme\monkey\template\common\header.tpl on line 73
2017-06-08 16:21:56 - PHP Notice:  Undefined variable: activity in D:\phpStudy\opencartnew\catalog\view\theme\monkey\template\common\header.tpl on line 74
2017-06-08 16:21:56 - PHP Notice:  Undefined variable: news in D:\phpStudy\opencartnew\catalog\view\theme\monkey\template\common\header.tpl on line 75
2017-06-08 16:21:56 - PHP Notice:  Undefined variable: brand in D:\phpStudy\opencartnew\catalog\view\theme\monkey\template\common\header.tpl on line 76
2017-06-08 16:29:45 - PHP Notice:  Undefined variable: qq_login_status in D:\phpStudy\opencartnew\catalog\view\theme\monkey\template\common\header.tpl on line 28
2017-06-08 16:29:45 - PHP Notice:  Undefined variable: shop in D:\phpStudy\opencartnew\catalog\view\theme\monkey\template\common\header.tpl on line 71
2017-06-08 16:29:45 - PHP Notice:  Undefined variable: classic in D:\phpStudy\opencartnew\catalog\view\theme\monkey\template\common\header.tpl on line 72
2017-06-08 16:29:45 - PHP Notice:  Undefined variable: case in D:\phpStudy\opencartnew\catalog\view\theme\monkey\template\common\header.tpl on line 73
2017-06-08 16:29:45 - PHP Notice:  Undefined variable: activity in D:\phpStudy\opencartnew\catalog\view\theme\monkey\template\common\header.tpl on line 74
2017-06-08 16:29:45 - PHP Notice:  Undefined variable: news in D:\phpStudy\opencartnew\catalog\view\theme\monkey\template\common\header.tpl on line 75
2017-06-08 16:29:45 - PHP Notice:  Undefined variable: brand in D:\phpStudy\opencartnew\catalog\view\theme\monkey\template\common\header.tpl on line 76
2017-06-08 16:57:16 - PHP Notice:  Undefined variable: banners in D:\phpStudy\opencartnew\catalog\view\theme\default\template\common\content_siderow.tpl on line 16
2017-06-08 16:57:16 - PHP Warning:  Invalid argument supplied for foreach() in D:\phpStudy\opencartnew\catalog\view\theme\default\template\common\content_siderow.tpl on line 16
2017-06-08 16:57:16 - PHP Notice:  Undefined variable: qq_login_status in D:\phpStudy\opencartnew\catalog\view\theme\monkey\template\common\header.tpl on line 28
2017-06-08 16:57:16 - PHP Notice:  Undefined variable: shop in D:\phpStudy\opencartnew\catalog\view\theme\monkey\template\common\header.tpl on line 71
2017-06-08 16:57:16 - PHP Notice:  Undefined variable: classic in D:\phpStudy\opencartnew\catalog\view\theme\monkey\template\common\header.tpl on line 72
2017-06-08 16:57:16 - PHP Notice:  Undefined variable: case in D:\phpStudy\opencartnew\catalog\view\theme\monkey\template\common\header.tpl on line 73
2017-06-08 16:57:16 - PHP Notice:  Undefined variable: activity in D:\phpStudy\opencartnew\catalog\view\theme\monkey\template\common\header.tpl on line 74
2017-06-08 16:57:16 - PHP Notice:  Undefined variable: news in D:\phpStudy\opencartnew\catalog\view\theme\monkey\template\common\header.tpl on line 75
2017-06-08 16:57:16 - PHP Notice:  Undefined variable: brand in D:\phpStudy\opencartnew\catalog\view\theme\monkey\template\common\header.tpl on line 76
2017-06-08 16:57:25 - PHP Notice:  Undefined variable: banners in D:\phpStudy\opencartnew\catalog\view\theme\default\template\common\content_siderow.tpl on line 16
2017-06-08 16:57:25 - PHP Warning:  Invalid argument supplied for foreach() in D:\phpStudy\opencartnew\catalog\view\theme\default\template\common\content_siderow.tpl on line 16
2017-06-08 16:57:25 - PHP Notice:  Undefined variable: qq_login_status in D:\phpStudy\opencartnew\catalog\view\theme\monkey\template\common\header.tpl on line 28
2017-06-08 16:57:25 - PHP Notice:  Undefined variable: shop in D:\phpStudy\opencartnew\catalog\view\theme\monkey\template\common\header.tpl on line 71
2017-06-08 16:57:25 - PHP Notice:  Undefined variable: classic in D:\phpStudy\opencartnew\catalog\view\theme\monkey\template\common\header.tpl on line 72
2017-06-08 16:57:25 - PHP Notice:  Undefined variable: case in D:\phpStudy\opencartnew\catalog\view\theme\monkey\template\common\header.tpl on line 73
2017-06-08 16:57:25 - PHP Notice:  Undefined variable: activity in D:\phpStudy\opencartnew\catalog\view\theme\monkey\template\common\header.tpl on line 74
2017-06-08 16:57:25 - PHP Notice:  Undefined variable: news in D:\phpStudy\opencartnew\catalog\view\theme\monkey\template\common\header.tpl on line 75
2017-06-08 16:57:25 - PHP Notice:  Undefined variable: brand in D:\phpStudy\opencartnew\catalog\view\theme\monkey\template\common\header.tpl on line 76
2017-06-08 16:58:04 - PHP Notice:  Undefined variable: banners in D:\phpStudy\opencartnew\catalog\view\theme\default\template\common\content_siderow.tpl on line 16
2017-06-08 16:58:04 - PHP Warning:  Invalid argument supplied for foreach() in D:\phpStudy\opencartnew\catalog\view\theme\default\template\common\content_siderow.tpl on line 16
2017-06-08 16:58:04 - PHP Notice:  Undefined variable: qq_login_status in D:\phpStudy\opencartnew\catalog\view\theme\monkey\template\common\header.tpl on line 28
2017-06-08 16:58:04 - PHP Notice:  Undefined variable: shop in D:\phpStudy\opencartnew\catalog\view\theme\monkey\template\common\header.tpl on line 71
2017-06-08 16:58:04 - PHP Notice:  Undefined variable: classic in D:\phpStudy\opencartnew\catalog\view\theme\monkey\template\common\header.tpl on line 72
2017-06-08 16:58:04 - PHP Notice:  Undefined variable: case in D:\phpStudy\opencartnew\catalog\view\theme\monkey\template\common\header.tpl on line 73
2017-06-08 16:58:04 - PHP Notice:  Undefined variable: activity in D:\phpStudy\opencartnew\catalog\view\theme\monkey\template\common\header.tpl on line 74
2017-06-08 16:58:04 - PHP Notice:  Undefined variable: news in D:\phpStudy\opencartnew\catalog\view\theme\monkey\template\common\header.tpl on line 75
2017-06-08 16:58:04 - PHP Notice:  Undefined variable: brand in D:\phpStudy\opencartnew\catalog\view\theme\monkey\template\common\header.tpl on line 76
2017-06-08 16:59:33 - PHP Notice:  Undefined variable: qq_login_status in D:\phpStudy\opencartnew\catalog\view\theme\monkey\template\common\header.tpl on line 28
2017-06-08 16:59:33 - PHP Notice:  Undefined variable: shop in D:\phpStudy\opencartnew\catalog\view\theme\monkey\template\common\header.tpl on line 71
2017-06-08 16:59:33 - PHP Notice:  Undefined variable: classic in D:\phpStudy\opencartnew\catalog\view\theme\monkey\template\common\header.tpl on line 72
2017-06-08 16:59:33 - PHP Notice:  Undefined variable: case in D:\phpStudy\opencartnew\catalog\view\theme\monkey\template\common\header.tpl on line 73
2017-06-08 16:59:33 - PHP Notice:  Undefined variable: activity in D:\phpStudy\opencartnew\catalog\view\theme\monkey\template\common\header.tpl on line 74
2017-06-08 16:59:33 - PHP Notice:  Undefined variable: news in D:\phpStudy\opencartnew\catalog\view\theme\monkey\template\common\header.tpl on line 75
2017-06-08 16:59:33 - PHP Notice:  Undefined variable: brand in D:\phpStudy\opencartnew\catalog\view\theme\monkey\template\common\header.tpl on line 76
2017-06-08 17:00:09 - PHP Notice:  Undefined variable: qq_login_status in D:\phpStudy\opencartnew\catalog\view\theme\monkey\template\common\header.tpl on line 28
2017-06-08 17:00:09 - PHP Notice:  Undefined variable: shop in D:\phpStudy\opencartnew\catalog\view\theme\monkey\template\common\header.tpl on line 71
2017-06-08 17:00:09 - PHP Notice:  Undefined variable: classic in D:\phpStudy\opencartnew\catalog\view\theme\monkey\template\common\header.tpl on line 72
2017-06-08 17:00:09 - PHP Notice:  Undefined variable: case in D:\phpStudy\opencartnew\catalog\view\theme\monkey\template\common\header.tpl on line 73
2017-06-08 17:00:09 - PHP Notice:  Undefined variable: activity in D:\phpStudy\opencartnew\catalog\view\theme\monkey\template\common\header.tpl on line 74
2017-06-08 17:00:09 - PHP Notice:  Undefined variable: news in D:\phpStudy\opencartnew\catalog\view\theme\monkey\template\common\header.tpl on line 75
2017-06-08 17:00:09 - PHP Notice:  Undefined variable: brand in D:\phpStudy\opencartnew\catalog\view\theme\monkey\template\common\header.tpl on line 76
2017-06-08 17:01:37 - PHP Notice:  Undefined variable: qq_login_status in D:\phpStudy\opencartnew\catalog\view\theme\monkey\template\common\header.tpl on line 28
2017-06-08 17:01:37 - PHP Notice:  Undefined variable: shop in D:\phpStudy\opencartnew\catalog\view\theme\monkey\template\common\header.tpl on line 71
2017-06-08 17:01:37 - PHP Notice:  Undefined variable: classic in D:\phpStudy\opencartnew\catalog\view\theme\monkey\template\common\header.tpl on line 72
2017-06-08 17:01:37 - PHP Notice:  Undefined variable: case in D:\phpStudy\opencartnew\catalog\view\theme\monkey\template\common\header.tpl on line 73
2017-06-08 17:01:37 - PHP Notice:  Undefined variable: activity in D:\phpStudy\opencartnew\catalog\view\theme\monkey\template\common\header.tpl on line 74
2017-06-08 17:01:37 - PHP Notice:  Undefined variable: news in D:\phpStudy\opencartnew\catalog\view\theme\monkey\template\common\header.tpl on line 75
2017-06-08 17:01:37 - PHP Notice:  Undefined variable: brand in D:\phpStudy\opencartnew\catalog\view\theme\monkey\template\common\header.tpl on line 76
2017-06-08 17:02:48 - PHP Notice:  Undefined variable: qq_login_status in D:\phpStudy\opencartnew\catalog\view\theme\monkey\template\common\header.tpl on line 28
2017-06-08 17:02:48 - PHP Notice:  Undefined variable: shop in D:\phpStudy\opencartnew\catalog\view\theme\monkey\template\common\header.tpl on line 71
2017-06-08 17:02:48 - PHP Notice:  Undefined variable: classic in D:\phpStudy\opencartnew\catalog\view\theme\monkey\template\common\header.tpl on line 72
2017-06-08 17:02:48 - PHP Notice:  Undefined variable: case in D:\phpStudy\opencartnew\catalog\view\theme\monkey\template\common\header.tpl on line 73
2017-06-08 17:02:48 - PHP Notice:  Undefined variable: activity in D:\phpStudy\opencartnew\catalog\view\theme\monkey\template\common\header.tpl on line 74
2017-06-08 17:02:48 - PHP Notice:  Undefined variable: news in D:\phpStudy\opencartnew\catalog\view\theme\monkey\template\common\header.tpl on line 75
2017-06-08 17:02:48 - PHP Notice:  Undefined variable: brand in D:\phpStudy\opencartnew\catalog\view\theme\monkey\template\common\header.tpl on line 76
2017-06-08 17:03:22 - PHP Notice:  Undefined variable: qq_login_status in D:\phpStudy\opencartnew\catalog\view\theme\monkey\template\common\header.tpl on line 28
2017-06-08 17:03:22 - PHP Notice:  Undefined variable: shop in D:\phpStudy\opencartnew\catalog\view\theme\monkey\template\common\header.tpl on line 71
2017-06-08 17:03:22 - PHP Notice:  Undefined variable: classic in D:\phpStudy\opencartnew\catalog\view\theme\monkey\template\common\header.tpl on line 72
2017-06-08 17:03:22 - PHP Notice:  Undefined variable: case in D:\phpStudy\opencartnew\catalog\view\theme\monkey\template\common\header.tpl on line 73
2017-06-08 17:03:22 - PHP Notice:  Undefined variable: activity in D:\phpStudy\opencartnew\catalog\view\theme\monkey\template\common\header.tpl on line 74
2017-06-08 17:03:22 - PHP Notice:  Undefined variable: news in D:\phpStudy\opencartnew\catalog\view\theme\monkey\template\common\header.tpl on line 75
2017-06-08 17:03:22 - PHP Notice:  Undefined variable: brand in D:\phpStudy\opencartnew\catalog\view\theme\monkey\template\common\header.tpl on line 76
2017-06-08 17:05:21 - PHP Notice:  A non well formed numeric value encountered in D:\phpStudy\opencartnew\system\library\image.php on line 105
2017-06-08 17:05:21 - PHP Notice:  A non well formed numeric value encountered in D:\phpStudy\opencartnew\system\library\image.php on line 116
2017-06-08 17:05:21 - PHP Notice:  A non well formed numeric value encountered in D:\phpStudy\opencartnew\system\library\image.php on line 105
2017-06-08 17:05:21 - PHP Notice:  A non well formed numeric value encountered in D:\phpStudy\opencartnew\system\library\image.php on line 116
2017-06-08 17:05:21 - PHP Notice:  A non well formed numeric value encountered in D:\phpStudy\opencartnew\system\library\image.php on line 105
2017-06-08 17:05:21 - PHP Notice:  A non well formed numeric value encountered in D:\phpStudy\opencartnew\system\library\image.php on line 116
2017-06-08 17:05:21 - PHP Notice:  Undefined variable: qq_login_status in D:\phpStudy\opencartnew\catalog\view\theme\monkey\template\common\header.tpl on line 28
2017-06-08 17:05:21 - PHP Notice:  Undefined variable: shop in D:\phpStudy\opencartnew\catalog\view\theme\monkey\template\common\header.tpl on line 71
2017-06-08 17:05:21 - PHP Notice:  Undefined variable: classic in D:\phpStudy\opencartnew\catalog\view\theme\monkey\template\common\header.tpl on line 72
2017-06-08 17:05:21 - PHP Notice:  Undefined variable: case in D:\phpStudy\opencartnew\catalog\view\theme\monkey\template\common\header.tpl on line 73
2017-06-08 17:05:21 - PHP Notice:  Undefined variable: activity in D:\phpStudy\opencartnew\catalog\view\theme\monkey\template\common\header.tpl on line 74
2017-06-08 17:05:21 - PHP Notice:  Undefined variable: news in D:\phpStudy\opencartnew\catalog\view\theme\monkey\template\common\header.tpl on line 75
2017-06-08 17:05:21 - PHP Notice:  Undefined variable: brand in D:\phpStudy\opencartnew\catalog\view\theme\monkey\template\common\header.tpl on line 76
2017-06-08 17:05:48 - PHP Notice:  Undefined variable: qq_login_status in D:\phpStudy\opencartnew\catalog\view\theme\monkey\template\common\header.tpl on line 28
2017-06-08 17:05:48 - PHP Notice:  Undefined variable: shop in D:\phpStudy\opencartnew\catalog\view\theme\monkey\template\common\header.tpl on line 71
2017-06-08 17:05:48 - PHP Notice:  Undefined variable: classic in D:\phpStudy\opencartnew\catalog\view\theme\monkey\template\common\header.tpl on line 72
2017-06-08 17:05:48 - PHP Notice:  Undefined variable: case in D:\phpStudy\opencartnew\catalog\view\theme\monkey\template\common\header.tpl on line 73
2017-06-08 17:05:48 - PHP Notice:  Undefined variable: activity in D:\phpStudy\opencartnew\catalog\view\theme\monkey\template\common\header.tpl on line 74
2017-06-08 17:05:48 - PHP Notice:  Undefined variable: news in D:\phpStudy\opencartnew\catalog\view\theme\monkey\template\common\header.tpl on line 75
2017-06-08 17:05:48 - PHP Notice:  Undefined variable: brand in D:\phpStudy\opencartnew\catalog\view\theme\monkey\template\common\header.tpl on line 76
2017-06-08 17:07:03 - PHP Notice:  Undefined variable: qq_login_status in D:\phpStudy\opencartnew\catalog\view\theme\monkey\template\common\header.tpl on line 28
2017-06-08 17:07:03 - PHP Notice:  Undefined variable: shop in D:\phpStudy\opencartnew\catalog\view\theme\monkey\template\common\header.tpl on line 71
2017-06-08 17:07:03 - PHP Notice:  Undefined variable: classic in D:\phpStudy\opencartnew\catalog\view\theme\monkey\template\common\header.tpl on line 72
2017-06-08 17:07:03 - PHP Notice:  Undefined variable: case in D:\phpStudy\opencartnew\catalog\view\theme\monkey\template\common\header.tpl on line 73
2017-06-08 17:07:03 - PHP Notice:  Undefined variable: activity in D:\phpStudy\opencartnew\catalog\view\theme\monkey\template\common\header.tpl on line 74
2017-06-08 17:07:03 - PHP Notice:  Undefined variable: news in D:\phpStudy\opencartnew\catalog\view\theme\monkey\template\common\header.tpl on line 75
2017-06-08 17:07:03 - PHP Notice:  Undefined variable: brand in D:\phpStudy\opencartnew\catalog\view\theme\monkey\template\common\header.tpl on line 76
2017-06-08 17:10:50 - PHP Notice:  Undefined variable: qq_login_status in D:\phpStudy\opencartnew\catalog\view\theme\monkey\template\common\header.tpl on line 28
2017-06-08 17:10:50 - PHP Notice:  Undefined variable: shop in D:\phpStudy\opencartnew\catalog\view\theme\monkey\template\common\header.tpl on line 71
2017-06-08 17:10:50 - PHP Notice:  Undefined variable: classic in D:\phpStudy\opencartnew\catalog\view\theme\monkey\template\common\header.tpl on line 72
2017-06-08 17:10:50 - PHP Notice:  Undefined variable: case in D:\phpStudy\opencartnew\catalog\view\theme\monkey\template\common\header.tpl on line 73
2017-06-08 17:10:50 - PHP Notice:  Undefined variable: activity in D:\phpStudy\opencartnew\catalog\view\theme\monkey\template\common\header.tpl on line 74
2017-06-08 17:10:50 - PHP Notice:  Undefined variable: news in D:\phpStudy\opencartnew\catalog\view\theme\monkey\template\common\header.tpl on line 75
2017-06-08 17:10:50 - PHP Notice:  Undefined variable: brand in D:\phpStudy\opencartnew\catalog\view\theme\monkey\template\common\header.tpl on line 76
2017-06-08 17:11:03 - PHP Notice:  Undefined variable: qq_login_status in D:\phpStudy\opencartnew\catalog\view\theme\monkey\template\common\header.tpl on line 28
2017-06-08 17:11:03 - PHP Notice:  Undefined variable: shop in D:\phpStudy\opencartnew\catalog\view\theme\monkey\template\common\header.tpl on line 71
2017-06-08 17:11:03 - PHP Notice:  Undefined variable: classic in D:\phpStudy\opencartnew\catalog\view\theme\monkey\template\common\header.tpl on line 72
2017-06-08 17:11:03 - PHP Notice:  Undefined variable: case in D:\phpStudy\opencartnew\catalog\view\theme\monkey\template\common\header.tpl on line 73
2017-06-08 17:11:03 - PHP Notice:  Undefined variable: activity in D:\phpStudy\opencartnew\catalog\view\theme\monkey\template\common\header.tpl on line 74
2017-06-08 17:11:03 - PHP Notice:  Undefined variable: news in D:\phpStudy\opencartnew\catalog\view\theme\monkey\template\common\header.tpl on line 75
2017-06-08 17:11:03 - PHP Notice:  Undefined variable: brand in D:\phpStudy\opencartnew\catalog\view\theme\monkey\template\common\header.tpl on line 76
2017-06-08 17:11:05 - PHP Notice:  Undefined variable: qq_login_status in D:\phpStudy\opencartnew\catalog\view\theme\monkey\template\common\header.tpl on line 28
2017-06-08 17:11:05 - PHP Notice:  Undefined variable: shop in D:\phpStudy\opencartnew\catalog\view\theme\monkey\template\common\header.tpl on line 71
2017-06-08 17:11:05 - PHP Notice:  Undefined variable: classic in D:\phpStudy\opencartnew\catalog\view\theme\monkey\template\common\header.tpl on line 72
2017-06-08 17:11:05 - PHP Notice:  Undefined variable: case in D:\phpStudy\opencartnew\catalog\view\theme\monkey\template\common\header.tpl on line 73
2017-06-08 17:11:05 - PHP Notice:  Undefined variable: activity in D:\phpStudy\opencartnew\catalog\view\theme\monkey\template\common\header.tpl on line 74
2017-06-08 17:11:05 - PHP Notice:  Undefined variable: news in D:\phpStudy\opencartnew\catalog\view\theme\monkey\template\common\header.tpl on line 75
2017-06-08 17:11:05 - PHP Notice:  Undefined variable: brand in D:\phpStudy\opencartnew\catalog\view\theme\monkey\template\common\header.tpl on line 76
2017-06-08 17:12:12 - PHP Notice:  Undefined variable: qq_login_status in D:\phpStudy\opencartnew\catalog\view\theme\monkey\template\common\header.tpl on line 33
2017-06-08 17:12:12 - PHP Notice:  Undefined variable: shop in D:\phpStudy\opencartnew\catalog\view\theme\monkey\template\common\header.tpl on line 76
2017-06-08 17:12:12 - PHP Notice:  Undefined variable: classic in D:\phpStudy\opencartnew\catalog\view\theme\monkey\template\common\header.tpl on line 77
2017-06-08 17:12:12 - PHP Notice:  Undefined variable: case in D:\phpStudy\opencartnew\catalog\view\theme\monkey\template\common\header.tpl on line 78
2017-06-08 17:12:12 - PHP Notice:  Undefined variable: activity in D:\phpStudy\opencartnew\catalog\view\theme\monkey\template\common\header.tpl on line 79
2017-06-08 17:12:12 - PHP Notice:  Undefined variable: news in D:\phpStudy\opencartnew\catalog\view\theme\monkey\template\common\header.tpl on line 80
2017-06-08 17:12:12 - PHP Notice:  Undefined variable: brand in D:\phpStudy\opencartnew\catalog\view\theme\monkey\template\common\header.tpl on line 81
2017-06-08 17:13:29 - PHP Notice:  Undefined variable: qq_login_status in D:\phpStudy\opencartnew\catalog\view\theme\monkey\template\common\header.tpl on line 33
2017-06-08 17:13:29 - PHP Notice:  Undefined variable: shop in D:\phpStudy\opencartnew\catalog\view\theme\monkey\template\common\header.tpl on line 76
2017-06-08 17:13:29 - PHP Notice:  Undefined variable: classic in D:\phpStudy\opencartnew\catalog\view\theme\monkey\template\common\header.tpl on line 77
2017-06-08 17:13:29 - PHP Notice:  Undefined variable: case in D:\phpStudy\opencartnew\catalog\view\theme\monkey\template\common\header.tpl on line 78
2017-06-08 17:13:29 - PHP Notice:  Undefined variable: activity in D:\phpStudy\opencartnew\catalog\view\theme\monkey\template\common\header.tpl on line 79
2017-06-08 17:13:29 - PHP Notice:  Undefined variable: news in D:\phpStudy\opencartnew\catalog\view\theme\monkey\template\common\header.tpl on line 80
2017-06-08 17:13:29 - PHP Notice:  Undefined variable: brand in D:\phpStudy\opencartnew\catalog\view\theme\monkey\template\common\header.tpl on line 81
