2017-06-08 14:19:15 - MOD: Modification Default
FILE: system/engine/action.php
REGEX: ~(require|include)(_once)?\(([^)]+)~
LINE: 39
FILE: system/engine/loader.php
REGEX: ~(require|include)(_once)?\(([^)]+)~
LINE: 20
LINE: 59
LINE: 80
LINE: 99
FILE: system/library/config.php
REGEX: ~(require|include)(_once)?\(([^)]+)~
LINE: 23
FILE: system/library/language.php
REGEX: ~(require|include)(_once)?\(([^)]+)~
LINE: 25
LINE: 31
----------------------------------------------------------------
MOD: News/Blog integration OCmod
FILE: admin/controller/common/menu.php
CODE: $data['openbay_link_amazonus_links'] = $this->url->link('openbay/amazonus/itemlinks', 'token=' . $this->session->data['token'], 'SSL');
LINE: 236
FILE: admin/view/template/common/menu.tpl
CODE: <li id="reports"><a class="parent"><i class="fa fa-bar-chart-o fa-fw"></i> <span><?php echo $text_reports; ?></span></a>
LINE: 180
FILE: admin/controller/common/dashboard.php
CODE: $data['footer'] = $this->load->controller('common/footer');
LINE: 46
FILE: admin/view/template/common/dashboard.tpl
CODE: <?php if ($error_install) { ?>
LINE: 15
FILE: catalog/controller/common/column_left.php
CODE: $this->load->model('catalog/information');
LINE: 31
CODE: if ($route == 'product/category' && isset($this->request->get['path'])) {
LINE: 23
FILE: catalog/controller/common/column_right.php
CODE: $this->load->model('catalog/information');
LINE: 31
CODE: if ($route == 'product/category' && isset($this->request->get['path'])) {
LINE: 23
FILE: catalog/controller/common/content_top.php
CODE: $this->load->model('catalog/information');
LINE: 31
CODE: if ($route == 'product/category' && isset($this->request->get['path'])) {
LINE: 23
FILE: catalog/controller/common/content_bottom.php
CODE: $this->load->model('catalog/information');
LINE: 31
CODE: if ($route == 'product/category' && isset($this->request->get['path'])) {
LINE: 23
FILE: catalog/controller/common/seo_url.php
CODE: if (isset($this->request->get['route'])) {
LINE: 132
CODE: } elseif ($key == 'path') {
LINE: 157
FILE: catalog/controller/common/footer.php
CODE: $data['newsletter'] = $this->url->link('account/newsletter', '', 'SSL');
LINE: 50
FILE: catalog/view/theme/default/template/common/footer.tpl
CODE: <li><a href="<?php echo $sitemap; ?>"><?php echo $text_sitemap; ?></a></li>
LINE: 21
FILE: catalog/view/theme/mobile/template/common/footer.tpl
CODE: <li><a href="<?php echo $sitemap; ?>"><?php echo $text_sitemap; ?></a></li>
NOT FOUND!
FILE: catalog/view/theme/monkey/template/common/footer.tpl
CODE: <li><a href="<?php echo $sitemap; ?>"><?php echo $text_sitemap; ?></a></li>
NOT FOUND!
FILE: system/library/document.php
CODE: private $scripts = array();
LINE: 21
FILE: catalog/controller/common/header.php
CODE: $data['scripts'] = $this->document->getScripts();
LINE: 34
FILE: catalog/view/theme/default/template/common/header.tpl
CODE: <?php if ($description) { ?>
LINE: 16
FILE: catalog/view/theme/mobile/template/common/header.tpl
CODE: <?php if ($description) { ?>
LINE: 15
FILE: catalog/view/theme/monkey/template/common/header.tpl
CODE: <?php if ($description) { ?>
NOT FOUND!
----------------------------------------------------------------
MOD: 无需FTP配置使用OCMOD方式上传安装扩充功能
FILE: admin/controller/extension/installer.php
CODE: 'url'  => str_replace('&amp;', '&', $this->url->link('extension/installer/ftp', 'token=' . $this->session->data['token'], 'SSL')),
LINE: 132
CODE: public function unzip() {
LINE: 280
----------------------------------------------------------------
